[07-Dec-2023 15:35:52 UTC] PHP Fatal error:  Array and string offset access syntax with curly braces is no longer supported in C:\Users\Andranik\Local Sites\planty\app\public\wp-content\themes\tm-beans\lib\api\compiler\vendors\lessc.php on line 719
[07-Dec-2023 15:35:56 UTC] PHP Fatal error:  Array and string offset access syntax with curly braces is no longer supported in C:\Users\Andranik\Local Sites\planty\app\public\wp-content\themes\tm-beans\lib\api\compiler\vendors\lessc.php on line 719
[07-Dec-2023 15:35:58 UTC] PHP Fatal error:  Array and string offset access syntax with curly braces is no longer supported in C:\Users\Andranik\Local Sites\planty\app\public\wp-content\themes\tm-beans\lib\api\compiler\vendors\lessc.php on line 719
[07-Dec-2023 15:43:24 UTC] PHP Warning:  Undefined variable $qsid in C:\Users\Andranik\Local Sites\planty\app\public\wp-content\plugins\child-theme-configurator\includes\classes\CSS.php on line 958
[07-Dec-2023 15:43:24 UTC] PHP Warning:  Undefined variable $qsid in C:\Users\Andranik\Local Sites\planty\app\public\wp-content\plugins\child-theme-configurator\includes\classes\CSS.php on line 960
[07-Dec-2023 15:43:24 UTC] PHP Warning:  Undefined variable $qsid in C:\Users\Andranik\Local Sites\planty\app\public\wp-content\plugins\child-theme-configurator\includes\classes\CSS.php on line 967
[07-Dec-2023 15:43:24 UTC] PHP Warning:  Undefined variable $qsid in C:\Users\Andranik\Local Sites\planty\app\public\wp-content\plugins\child-theme-configurator\includes\classes\CSS.php on line 968
[07-Dec-2023 15:43:24 UTC] PHP Warning:  Undefined variable $qsid in C:\Users\Andranik\Local Sites\planty\app\public\wp-content\plugins\child-theme-configurator\includes\classes\CSS.php on line 971
[09-Dec-2023 16:47:47 UTC] Sync process for Gutenberg Blocks has started.
[09-Dec-2023 16:47:47 UTC] CATEGORY:Importing categories..
[09-Dec-2023 16:47:47 UTC] CATEGORY:Storing in option ast-block-templates-categories
[09-Dec-2023 16:47:47 UTC] CATEGORY:Completed category import.
[09-Dec-2023 16:47:47 UTC] BLOCK: Getting Total Blocks
[09-Dec-2023 16:47:47 UTC] BLOCK: https://websitedemos.net/wp-json/astra-blocks/v1/get-blocks-count/?page_builder=gutenberg&wireframe=yes
[09-Dec-2023 16:47:47 UTC] BLOCK: Requests count 4
[09-Dec-2023 16:47:47 UTC] BLOCK: Importing request 1 ..
[09-Dec-2023 16:47:47 UTC] BLOCK: https://websitedemos.net/wp-json/astra-blocks/v1/blocks/?page_builder=gutenberg&per_page=100&page=1&wireframe=yes
[09-Dec-2023 16:47:47 UTC] BLOCK: Storing in option ast-block-templates-blocks-1
[09-Dec-2023 16:47:47 UTC] BLOCK: Completed request 1
[09-Dec-2023 16:47:47 UTC] BLOCK: Importing request 2 ..
[09-Dec-2023 16:47:47 UTC] BLOCK: https://websitedemos.net/wp-json/astra-blocks/v1/blocks/?page_builder=gutenberg&per_page=100&page=2&wireframe=yes
[09-Dec-2023 16:47:47 UTC] BLOCK: Storing in option ast-block-templates-blocks-2
[09-Dec-2023 16:47:47 UTC] BLOCK: Completed request 2
[09-Dec-2023 16:47:47 UTC] BLOCK: Importing request 3 ..
[09-Dec-2023 16:47:47 UTC] BLOCK: https://websitedemos.net/wp-json/astra-blocks/v1/blocks/?page_builder=gutenberg&per_page=100&page=3&wireframe=yes
[09-Dec-2023 16:47:48 UTC] BLOCK: Storing in option ast-block-templates-blocks-3
[09-Dec-2023 16:47:48 UTC] BLOCK: Completed request 3
[09-Dec-2023 16:47:48 UTC] BLOCK: Importing request 4 ..
[09-Dec-2023 16:47:48 UTC] BLOCK: https://websitedemos.net/wp-json/astra-blocks/v1/blocks/?page_builder=gutenberg&per_page=100&page=4&wireframe=yes
[09-Dec-2023 16:47:48 UTC] BLOCK: Storing in option ast-block-templates-blocks-4
[09-Dec-2023 16:47:48 UTC] BLOCK: Completed request 4
[09-Dec-2023 16:47:48 UTC] SITE: Getting Total Sites
[09-Dec-2023 16:47:48 UTC] SITE: https://websitedemos.net/wp-json/astra-sites/v1/get-total-pages/?page_builder=gutenberg
[09-Dec-2023 16:47:48 UTC] SITE: Request count 2
[09-Dec-2023 16:47:48 UTC] SITE: Importing request 1 ..
[09-Dec-2023 16:47:48 UTC] SITE: https://websitedemos.net/wp-json/astra-sites/v1/sites-and-pages/?per_page=100&page=1&page-builder=gutenberg
[09-Dec-2023 16:47:48 UTC] SITE: Storing in option ast-block-templates-sites-1
[09-Dec-2023 16:47:48 UTC] SITE: Completed request 1
[09-Dec-2023 16:47:48 UTC] SITE: Importing request 2 ..
[09-Dec-2023 16:47:48 UTC] SITE: https://websitedemos.net/wp-json/astra-sites/v1/sites-and-pages/?per_page=100&page=2&page-builder=gutenberg
[09-Dec-2023 16:47:48 UTC] SITE: Storing in option ast-block-templates-sites-2
[09-Dec-2023 16:47:48 UTC] SITE: Completed request 2
[09-Dec-2023 16:47:48 UTC] Sync process for Gutenberg Blocks is done.
[11-Dec-2023 20:49:40 UTC] Sync process for Gutenberg Blocks has started.
[11-Dec-2023 20:49:40 UTC] CATEGORY:Importing categories..
[11-Dec-2023 20:49:40 UTC] CATEGORY:Storing in option ast-block-templates-categories
[11-Dec-2023 20:49:40 UTC] CATEGORY:Completed category import.
[11-Dec-2023 20:49:40 UTC] BLOCK: Getting Total Blocks
[11-Dec-2023 20:49:40 UTC] BLOCK: https://websitedemos.net/wp-json/astra-blocks/v1/get-blocks-count/?page_builder=gutenberg&wireframe=yes
[11-Dec-2023 20:49:40 UTC] BLOCK: Requests count 4
[11-Dec-2023 20:49:40 UTC] BLOCK: Importing request 1 ..
[11-Dec-2023 20:49:40 UTC] BLOCK: https://websitedemos.net/wp-json/astra-blocks/v1/blocks/?page_builder=gutenberg&per_page=100&page=1&wireframe=yes
[11-Dec-2023 20:49:41 UTC] BLOCK: Storing in option ast-block-templates-blocks-1
[11-Dec-2023 20:49:41 UTC] BLOCK: Completed request 1
[11-Dec-2023 20:49:41 UTC] BLOCK: Importing request 2 ..
[11-Dec-2023 20:49:41 UTC] BLOCK: https://websitedemos.net/wp-json/astra-blocks/v1/blocks/?page_builder=gutenberg&per_page=100&page=2&wireframe=yes
[11-Dec-2023 20:49:41 UTC] BLOCK: Storing in option ast-block-templates-blocks-2
[11-Dec-2023 20:49:41 UTC] BLOCK: Completed request 2
[11-Dec-2023 20:49:41 UTC] BLOCK: Importing request 3 ..
[11-Dec-2023 20:49:41 UTC] BLOCK: https://websitedemos.net/wp-json/astra-blocks/v1/blocks/?page_builder=gutenberg&per_page=100&page=3&wireframe=yes
[11-Dec-2023 20:49:41 UTC] BLOCK: Storing in option ast-block-templates-blocks-3
[11-Dec-2023 20:49:41 UTC] BLOCK: Completed request 3
[11-Dec-2023 20:49:41 UTC] BLOCK: Importing request 4 ..
[11-Dec-2023 20:49:41 UTC] BLOCK: https://websitedemos.net/wp-json/astra-blocks/v1/blocks/?page_builder=gutenberg&per_page=100&page=4&wireframe=yes
[11-Dec-2023 20:49:41 UTC] BLOCK: Storing in option ast-block-templates-blocks-4
[11-Dec-2023 20:49:41 UTC] BLOCK: Completed request 4
[11-Dec-2023 20:49:41 UTC] SITE: Getting Total Sites
[11-Dec-2023 20:49:41 UTC] SITE: https://websitedemos.net/wp-json/astra-sites/v1/get-total-pages/?page_builder=gutenberg
[11-Dec-2023 20:49:41 UTC] SITE: Request count 2
[11-Dec-2023 20:49:41 UTC] SITE: Importing request 1 ..
[11-Dec-2023 20:49:41 UTC] SITE: https://websitedemos.net/wp-json/astra-sites/v1/sites-and-pages/?per_page=100&page=1&page-builder=gutenberg
[11-Dec-2023 20:49:41 UTC] SITE: Storing in option ast-block-templates-sites-1
[11-Dec-2023 20:49:41 UTC] SITE: Completed request 1
[11-Dec-2023 20:49:41 UTC] SITE: Importing request 2 ..
[11-Dec-2023 20:49:41 UTC] SITE: https://websitedemos.net/wp-json/astra-sites/v1/sites-and-pages/?per_page=100&page=2&page-builder=gutenberg
[11-Dec-2023 20:49:41 UTC] SITE: Storing in option ast-block-templates-sites-2
[11-Dec-2023 20:49:41 UTC] SITE: Completed request 2
[11-Dec-2023 20:49:41 UTC] Sync process for Gutenberg Blocks is done.
[12-Dec-2023 23:48:24 UTC] Sync process for Gutenberg Blocks has started.
[12-Dec-2023 23:48:24 UTC] CATEGORY:Importing categories..
[12-Dec-2023 23:48:24 UTC] CATEGORY:Storing in option ast-block-templates-categories
[12-Dec-2023 23:48:24 UTC] CATEGORY:Completed category import.
[12-Dec-2023 23:48:24 UTC] BLOCK: Getting Total Blocks
[12-Dec-2023 23:48:24 UTC] BLOCK: https://websitedemos.net/wp-json/astra-blocks/v1/get-blocks-count/?page_builder=gutenberg&wireframe=yes
[12-Dec-2023 23:48:24 UTC] BLOCK: Requests count 4
[12-Dec-2023 23:48:24 UTC] BLOCK: Importing request 1 ..
[12-Dec-2023 23:48:24 UTC] BLOCK: https://websitedemos.net/wp-json/astra-blocks/v1/blocks/?page_builder=gutenberg&per_page=100&page=1&wireframe=yes
[12-Dec-2023 23:48:24 UTC] BLOCK: Storing in option ast-block-templates-blocks-1
[12-Dec-2023 23:48:24 UTC] BLOCK: Completed request 1
[12-Dec-2023 23:48:24 UTC] BLOCK: Importing request 2 ..
[12-Dec-2023 23:48:24 UTC] BLOCK: https://websitedemos.net/wp-json/astra-blocks/v1/blocks/?page_builder=gutenberg&per_page=100&page=2&wireframe=yes
[12-Dec-2023 23:48:24 UTC] BLOCK: Storing in option ast-block-templates-blocks-2
[12-Dec-2023 23:48:24 UTC] BLOCK: Completed request 2
[12-Dec-2023 23:48:24 UTC] BLOCK: Importing request 3 ..
[12-Dec-2023 23:48:24 UTC] BLOCK: https://websitedemos.net/wp-json/astra-blocks/v1/blocks/?page_builder=gutenberg&per_page=100&page=3&wireframe=yes
[12-Dec-2023 23:48:25 UTC] BLOCK: Storing in option ast-block-templates-blocks-3
[12-Dec-2023 23:48:25 UTC] BLOCK: Completed request 3
[12-Dec-2023 23:48:25 UTC] BLOCK: Importing request 4 ..
[12-Dec-2023 23:48:25 UTC] BLOCK: https://websitedemos.net/wp-json/astra-blocks/v1/blocks/?page_builder=gutenberg&per_page=100&page=4&wireframe=yes
[12-Dec-2023 23:48:25 UTC] BLOCK: Storing in option ast-block-templates-blocks-4
[12-Dec-2023 23:48:25 UTC] BLOCK: Completed request 4
[12-Dec-2023 23:48:25 UTC] SITE: Getting Total Sites
[12-Dec-2023 23:48:25 UTC] SITE: https://websitedemos.net/wp-json/astra-sites/v1/get-total-pages/?page_builder=gutenberg
[12-Dec-2023 23:48:25 UTC] SITE: Request count 2
[12-Dec-2023 23:48:25 UTC] SITE: Importing request 1 ..
[12-Dec-2023 23:48:25 UTC] SITE: https://websitedemos.net/wp-json/astra-sites/v1/sites-and-pages/?per_page=100&page=1&page-builder=gutenberg
[12-Dec-2023 23:48:25 UTC] SITE: Storing in option ast-block-templates-sites-1
[12-Dec-2023 23:48:25 UTC] SITE: Completed request 1
[12-Dec-2023 23:48:25 UTC] SITE: Importing request 2 ..
[12-Dec-2023 23:48:25 UTC] SITE: https://websitedemos.net/wp-json/astra-sites/v1/sites-and-pages/?per_page=100&page=2&page-builder=gutenberg
[12-Dec-2023 23:48:25 UTC] SITE: Storing in option ast-block-templates-sites-2
[12-Dec-2023 23:48:25 UTC] SITE: Completed request 2
[12-Dec-2023 23:48:25 UTC] Sync process for Gutenberg Blocks is done.
[16-Dec-2023 00:03:31 UTC] PHP Parse error:  syntax error, unexpected token "=", expecting identifier in C:\Users\Andranik\Local Sites\planty\app\public\wp-content\themes\blankslate-child\header.php on line 19
[16-Dec-2023 00:03:35 UTC] PHP Parse error:  syntax error, unexpected token "=", expecting identifier in C:\Users\Andranik\Local Sites\planty\app\public\wp-content\themes\blankslate-child\header.php on line 19
[16-Dec-2023 00:10:58 UTC] PHP Parse error:  syntax error, unexpected token "=", expecting identifier in C:\Users\Andranik\Local Sites\planty\app\public\wp-content\themes\blankslate-child\header.php on line 19
[16-Dec-2023 00:11:22 UTC] PHP Parse error:  syntax error, unexpected token "(", expecting "{" in C:\Users\Andranik\Local Sites\planty\app\public\wp-content\themes\blankslate-child\header.php on line 20
[16-Dec-2023 00:11:23 UTC] PHP Parse error:  syntax error, unexpected token "(", expecting "{" in C:\Users\Andranik\Local Sites\planty\app\public\wp-content\themes\blankslate-child\header.php on line 20
[16-Dec-2023 01:01:37 UTC] Sync process for Gutenberg Blocks has started.
[16-Dec-2023 01:01:37 UTC] CATEGORY:Importing categories..
[16-Dec-2023 01:01:37 UTC] CATEGORY:Storing in option ast-block-templates-categories
[16-Dec-2023 01:01:37 UTC] CATEGORY:Completed category import.
[16-Dec-2023 01:01:37 UTC] BLOCK: Getting Total Blocks
[16-Dec-2023 01:01:37 UTC] BLOCK: https://websitedemos.net/wp-json/astra-blocks/v1/get-blocks-count/?page_builder=gutenberg&wireframe=yes
[16-Dec-2023 01:01:38 UTC] BLOCK: Requests count 4
[16-Dec-2023 01:01:38 UTC] BLOCK: Importing request 1 ..
[16-Dec-2023 01:01:38 UTC] BLOCK: https://websitedemos.net/wp-json/astra-blocks/v1/blocks/?page_builder=gutenberg&per_page=100&page=1&wireframe=yes
[16-Dec-2023 01:01:38 UTC] BLOCK: Storing in option ast-block-templates-blocks-1
[16-Dec-2023 01:01:38 UTC] BLOCK: Completed request 1
[16-Dec-2023 01:01:38 UTC] BLOCK: Importing request 2 ..
[16-Dec-2023 01:01:38 UTC] BLOCK: https://websitedemos.net/wp-json/astra-blocks/v1/blocks/?page_builder=gutenberg&per_page=100&page=2&wireframe=yes
[16-Dec-2023 01:01:38 UTC] BLOCK: Storing in option ast-block-templates-blocks-2
[16-Dec-2023 01:01:38 UTC] BLOCK: Completed request 2
[16-Dec-2023 01:01:38 UTC] BLOCK: Importing request 3 ..
[16-Dec-2023 01:01:38 UTC] BLOCK: https://websitedemos.net/wp-json/astra-blocks/v1/blocks/?page_builder=gutenberg&per_page=100&page=3&wireframe=yes
[16-Dec-2023 01:01:38 UTC] BLOCK: Storing in option ast-block-templates-blocks-3
[16-Dec-2023 01:01:38 UTC] BLOCK: Completed request 3
[16-Dec-2023 01:01:38 UTC] BLOCK: Importing request 4 ..
[16-Dec-2023 01:01:38 UTC] BLOCK: https://websitedemos.net/wp-json/astra-blocks/v1/blocks/?page_builder=gutenberg&per_page=100&page=4&wireframe=yes
[16-Dec-2023 01:01:38 UTC] BLOCK: Storing in option ast-block-templates-blocks-4
[16-Dec-2023 01:01:38 UTC] BLOCK: Completed request 4
[16-Dec-2023 01:01:38 UTC] SITE: Getting Total Sites
[16-Dec-2023 01:01:38 UTC] SITE: https://websitedemos.net/wp-json/astra-sites/v1/get-total-pages/?page_builder=gutenberg
[16-Dec-2023 01:01:38 UTC] SITE: Request count 2
[16-Dec-2023 01:01:38 UTC] SITE: Importing request 1 ..
[16-Dec-2023 01:01:38 UTC] SITE: https://websitedemos.net/wp-json/astra-sites/v1/sites-and-pages/?per_page=100&page=1&page-builder=gutenberg
[16-Dec-2023 01:01:38 UTC] SITE: Storing in option ast-block-templates-sites-1
[16-Dec-2023 01:01:38 UTC] SITE: Completed request 1
[16-Dec-2023 01:01:38 UTC] SITE: Importing request 2 ..
[16-Dec-2023 01:01:38 UTC] SITE: https://websitedemos.net/wp-json/astra-sites/v1/sites-and-pages/?per_page=100&page=2&page-builder=gutenberg
[16-Dec-2023 01:01:38 UTC] SITE: Storing in option ast-block-templates-sites-2
[16-Dec-2023 01:01:38 UTC] SITE: Completed request 2
[16-Dec-2023 01:01:38 UTC] Sync process for Gutenberg Blocks is done.
[19-Dec-2023 13:22:36 UTC] Sync process for Gutenberg Blocks has started.
[19-Dec-2023 13:22:36 UTC] CATEGORY:Importing categories..
[19-Dec-2023 13:22:36 UTC] CATEGORY:Storing in option ast-block-templates-categories
[19-Dec-2023 13:22:36 UTC] CATEGORY:Completed category import.
[19-Dec-2023 13:22:36 UTC] BLOCK: Getting Total Blocks
[19-Dec-2023 13:22:36 UTC] BLOCK: https://websitedemos.net/wp-json/astra-blocks/v1/get-blocks-count/?page_builder=gutenberg&wireframe=yes
[19-Dec-2023 13:22:36 UTC] BLOCK: Requests count 4
[19-Dec-2023 13:22:36 UTC] BLOCK: Importing request 1 ..
[19-Dec-2023 13:22:36 UTC] BLOCK: https://websitedemos.net/wp-json/astra-blocks/v1/blocks/?page_builder=gutenberg&per_page=100&page=1&wireframe=yes
[19-Dec-2023 13:22:36 UTC] BLOCK: Storing in option ast-block-templates-blocks-1
[19-Dec-2023 13:22:36 UTC] BLOCK: Completed request 1
[19-Dec-2023 13:22:36 UTC] BLOCK: Importing request 2 ..
[19-Dec-2023 13:22:36 UTC] BLOCK: https://websitedemos.net/wp-json/astra-blocks/v1/blocks/?page_builder=gutenberg&per_page=100&page=2&wireframe=yes
[19-Dec-2023 13:22:36 UTC] BLOCK: Storing in option ast-block-templates-blocks-2
[19-Dec-2023 13:22:36 UTC] BLOCK: Completed request 2
[19-Dec-2023 13:22:36 UTC] BLOCK: Importing request 3 ..
[19-Dec-2023 13:22:36 UTC] BLOCK: https://websitedemos.net/wp-json/astra-blocks/v1/blocks/?page_builder=gutenberg&per_page=100&page=3&wireframe=yes
[19-Dec-2023 13:22:36 UTC] BLOCK: Storing in option ast-block-templates-blocks-3
[19-Dec-2023 13:22:36 UTC] BLOCK: Completed request 3
[19-Dec-2023 13:22:36 UTC] BLOCK: Importing request 4 ..
[19-Dec-2023 13:22:36 UTC] BLOCK: https://websitedemos.net/wp-json/astra-blocks/v1/blocks/?page_builder=gutenberg&per_page=100&page=4&wireframe=yes
[19-Dec-2023 13:22:36 UTC] BLOCK: Storing in option ast-block-templates-blocks-4
[19-Dec-2023 13:22:36 UTC] BLOCK: Completed request 4
[19-Dec-2023 13:22:36 UTC] SITE: Getting Total Sites
[19-Dec-2023 13:22:36 UTC] SITE: https://websitedemos.net/wp-json/astra-sites/v1/get-total-pages/?page_builder=gutenberg
[19-Dec-2023 13:22:36 UTC] SITE: Request count 2
[19-Dec-2023 13:22:36 UTC] SITE: Importing request 1 ..
[19-Dec-2023 13:22:36 UTC] SITE: https://websitedemos.net/wp-json/astra-sites/v1/sites-and-pages/?per_page=100&page=1&page-builder=gutenberg
[19-Dec-2023 13:22:36 UTC] SITE: Storing in option ast-block-templates-sites-1
[19-Dec-2023 13:22:37 UTC] SITE: Completed request 1
[19-Dec-2023 13:22:37 UTC] SITE: Importing request 2 ..
[19-Dec-2023 13:22:37 UTC] SITE: https://websitedemos.net/wp-json/astra-sites/v1/sites-and-pages/?per_page=100&page=2&page-builder=gutenberg
[19-Dec-2023 13:22:37 UTC] SITE: Storing in option ast-block-templates-sites-2
[19-Dec-2023 13:22:37 UTC] SITE: Completed request 2
[19-Dec-2023 13:22:37 UTC] Sync process for Gutenberg Blocks is done.
[26-Dec-2023 11:33:58 UTC] PHP Fatal error:  Uncaught Error: Call to undefined function Elementor\Core\get_plugins() in C:\Users\Andranik\Local Sites\planty\app\public\wp-content\plugins\elementor\core\wp-api.php:26
Stack trace:
#0 C:\Users\Andranik\Local Sites\planty\app\public\wp-content\plugins\elementor\modules\compatibility-tag\base-module.php(96): Elementor\Core\Wp_Api->get_plugins()
#1 C:\Users\Andranik\Local Sites\planty\app\public\wp-content\plugins\elementor\modules\compatibility-tag\base-module.php(58): Elementor\Modules\CompatibilityTag\Base_Module->get_plugins_with_header()
#2 C:\Users\Andranik\Local Sites\planty\app\public\wp-content\plugins\elementor\modules\compatibility-tag\module.php(57): Elementor\Modules\CompatibilityTag\Base_Module->get_plugins_to_check()
#3 C:\Users\Andranik\Local Sites\planty\app\public\wp-content\plugins\elementor\modules\compatibility-tag\base-module.php(148): Elementor\Modules\CompatibilityTag\Module->get_plugins_to_check()
#4 C:\Users\Andranik\Local Sites\planty\app\public\wp-includes\class-wp-hook.php(324): Elementor\Modules\CompatibilityTag\Base_Module->Elementor\Modules\CompatibilityTag\{closure}('')
#5 C:\Users\Andranik\Local Sites\planty\app\public\wp-includes\class-wp-hook.php(348): WP_Hook->apply_filters('', Array)
#6 C:\Users\Andranik\Local Sites\planty\app\public\wp-includes\plugin.php(517): WP_Hook->do_action(Array)
#7 C:\Users\Andranik\Local Sites\planty\app\public\wp-content\plugins\elementor\modules\system-info\module.php(340): do_action('elementor/syste...')
#8 C:\Users\Andranik\Local Sites\planty\app\public\wp-content\plugins\elementor\includes\tracker.php(241): Elementor\Modules\System_Info\Module::get_allowed_reports()
#9 C:\Users\Andranik\Local Sites\planty\app\public\wp-content\plugins\elementor\includes\tracker.php(530): Elementor\Tracker::get_system_reports_data()
#10 C:\Users\Andranik\Local Sites\planty\app\public\wp-content\plugins\elementor\includes\tracker.php(141): Elementor\Tracker::get_tracking_data(true)
#11 C:\Users\Andranik\Local Sites\planty\app\public\wp-includes\class-wp-hook.php(324): Elementor\Tracker::send_tracking_data()
#12 C:\Users\Andranik\Local Sites\planty\app\public\wp-includes\class-wp-hook.php(348): WP_Hook->apply_filters('', Array)
#13 C:\Users\Andranik\Local Sites\planty\app\public\wp-includes\plugin.php(565): WP_Hook->do_action(Array)
#14 C:\Users\Andranik\Local Sites\planty\app\public\wp-cron.php(191): do_action_ref_array('elementor/track...', Array)
#15 {main}
  thrown in C:\Users\Andranik\Local Sites\planty\app\public\wp-content\plugins\elementor\core\wp-api.php on line 26
[28-Dec-2023 22:37:15 UTC] PHP Warning:  Trying to access array offset on value of type bool in C:\Users\Andranik\Local Sites\planty\app\public\wp-content\plugins\elementor\includes\managers\image.php on line 113
[28-Dec-2023 22:37:15 UTC] PHP Warning:  Trying to access array offset on value of type bool in C:\Users\Andranik\Local Sites\planty\app\public\wp-content\plugins\elementor\includes\managers\image.php on line 113
[28-Dec-2023 22:37:15 UTC] PHP Warning:  Trying to access array offset on value of type bool in C:\Users\Andranik\Local Sites\planty\app\public\wp-content\plugins\elementor\includes\managers\image.php on line 113
[28-Dec-2023 22:37:15 UTC] PHP Warning:  Trying to access array offset on value of type bool in C:\Users\Andranik\Local Sites\planty\app\public\wp-content\plugins\elementor\includes\managers\image.php on line 113
[28-Dec-2023 22:37:15 UTC] PHP Warning:  Trying to access array offset on value of type bool in C:\Users\Andranik\Local Sites\planty\app\public\wp-content\plugins\elementor\includes\managers\image.php on line 113
[28-Dec-2023 22:37:15 UTC] PHP Warning:  Trying to access array offset on value of type bool in C:\Users\Andranik\Local Sites\planty\app\public\wp-content\plugins\elementor\includes\managers\image.php on line 113
[28-Dec-2023 22:37:15 UTC] PHP Warning:  Trying to access array offset on value of type bool in C:\Users\Andranik\Local Sites\planty\app\public\wp-content\plugins\elementor\includes\managers\image.php on line 113
[28-Dec-2023 22:38:57 UTC] PHP Warning:  Undefined array key 1 in C:\Users\Andranik\Local Sites\planty\app\public\wp-content\plugins\elementor\includes\managers\image.php on line 84
[28-Dec-2023 22:38:57 UTC] PHP Warning:  Undefined array key 2 in C:\Users\Andranik\Local Sites\planty\app\public\wp-content\plugins\elementor\includes\managers\image.php on line 85
[28-Dec-2023 22:44:01 UTC] PHP Warning:  Trying to access array offset on value of type bool in C:\Users\Andranik\Local Sites\planty\app\public\wp-content\plugins\elementor\includes\managers\image.php on line 113
[28-Dec-2023 22:44:01 UTC] PHP Warning:  Trying to access array offset on value of type bool in C:\Users\Andranik\Local Sites\planty\app\public\wp-content\plugins\elementor\includes\managers\image.php on line 113
[28-Dec-2023 22:44:01 UTC] PHP Warning:  Trying to access array offset on value of type bool in C:\Users\Andranik\Local Sites\planty\app\public\wp-content\plugins\elementor\includes\managers\image.php on line 113
[28-Dec-2023 22:44:01 UTC] PHP Warning:  Trying to access array offset on value of type bool in C:\Users\Andranik\Local Sites\planty\app\public\wp-content\plugins\elementor\includes\managers\image.php on line 113
[28-Dec-2023 22:44:01 UTC] PHP Warning:  Trying to access array offset on value of type bool in C:\Users\Andranik\Local Sites\planty\app\public\wp-content\plugins\elementor\includes\managers\image.php on line 113
[28-Dec-2023 22:44:01 UTC] PHP Warning:  Trying to access array offset on value of type bool in C:\Users\Andranik\Local Sites\planty\app\public\wp-content\plugins\elementor\includes\managers\image.php on line 113
[28-Dec-2023 22:44:01 UTC] PHP Warning:  Trying to access array offset on value of type bool in C:\Users\Andranik\Local Sites\planty\app\public\wp-content\plugins\elementor\includes\managers\image.php on line 113
[28-Dec-2023 22:44:01 UTC] PHP Warning:  Undefined array key 1 in C:\Users\Andranik\Local Sites\planty\app\public\wp-content\plugins\elementor\includes\managers\image.php on line 84
[28-Dec-2023 22:44:01 UTC] PHP Warning:  Undefined array key 2 in C:\Users\Andranik\Local Sites\planty\app\public\wp-content\plugins\elementor\includes\managers\image.php on line 85
[28-Dec-2023 22:45:50 UTC] PHP Warning:  Trying to access array offset on value of type bool in C:\Users\Andranik\Local Sites\planty\app\public\wp-content\plugins\elementor\includes\managers\image.php on line 113
[28-Dec-2023 22:45:50 UTC] PHP Warning:  Trying to access array offset on value of type bool in C:\Users\Andranik\Local Sites\planty\app\public\wp-content\plugins\elementor\includes\managers\image.php on line 113
[28-Dec-2023 22:45:50 UTC] PHP Warning:  Trying to access array offset on value of type bool in C:\Users\Andranik\Local Sites\planty\app\public\wp-content\plugins\elementor\includes\managers\image.php on line 113
[28-Dec-2023 22:45:50 UTC] PHP Warning:  Trying to access array offset on value of type bool in C:\Users\Andranik\Local Sites\planty\app\public\wp-content\plugins\elementor\includes\managers\image.php on line 113
[28-Dec-2023 22:45:50 UTC] PHP Warning:  Trying to access array offset on value of type bool in C:\Users\Andranik\Local Sites\planty\app\public\wp-content\plugins\elementor\includes\managers\image.php on line 113
[28-Dec-2023 22:45:50 UTC] PHP Warning:  Trying to access array offset on value of type bool in C:\Users\Andranik\Local Sites\planty\app\public\wp-content\plugins\elementor\includes\managers\image.php on line 113
[28-Dec-2023 22:45:50 UTC] PHP Warning:  Trying to access array offset on value of type bool in C:\Users\Andranik\Local Sites\planty\app\public\wp-content\plugins\elementor\includes\managers\image.php on line 113
[28-Dec-2023 22:45:50 UTC] PHP Warning:  Undefined array key 1 in C:\Users\Andranik\Local Sites\planty\app\public\wp-content\plugins\elementor\includes\managers\image.php on line 84
[28-Dec-2023 22:45:50 UTC] PHP Warning:  Undefined array key 2 in C:\Users\Andranik\Local Sites\planty\app\public\wp-content\plugins\elementor\includes\managers\image.php on line 85
[28-Dec-2023 22:46:08 UTC] PHP Warning:  Trying to access array offset on value of type bool in C:\Users\Andranik\Local Sites\planty\app\public\wp-content\plugins\elementor\includes\managers\image.php on line 113
[28-Dec-2023 22:46:08 UTC] PHP Warning:  Trying to access array offset on value of type bool in C:\Users\Andranik\Local Sites\planty\app\public\wp-content\plugins\elementor\includes\managers\image.php on line 113
[28-Dec-2023 22:46:08 UTC] PHP Warning:  Trying to access array offset on value of type bool in C:\Users\Andranik\Local Sites\planty\app\public\wp-content\plugins\elementor\includes\managers\image.php on line 113
[28-Dec-2023 22:46:08 UTC] PHP Warning:  Trying to access array offset on value of type bool in C:\Users\Andranik\Local Sites\planty\app\public\wp-content\plugins\elementor\includes\managers\image.php on line 113
[28-Dec-2023 22:46:08 UTC] PHP Warning:  Trying to access array offset on value of type bool in C:\Users\Andranik\Local Sites\planty\app\public\wp-content\plugins\elementor\includes\managers\image.php on line 113
[28-Dec-2023 22:46:08 UTC] PHP Warning:  Trying to access array offset on value of type bool in C:\Users\Andranik\Local Sites\planty\app\public\wp-content\plugins\elementor\includes\managers\image.php on line 113
[28-Dec-2023 22:46:08 UTC] PHP Warning:  Trying to access array offset on value of type bool in C:\Users\Andranik\Local Sites\planty\app\public\wp-content\plugins\elementor\includes\managers\image.php on line 113
[28-Dec-2023 22:58:39 UTC] PHP Warning:  Trying to access array offset on value of type bool in C:\Users\Andranik\Local Sites\planty\app\public\wp-content\plugins\elementor\includes\managers\image.php on line 113
[28-Dec-2023 22:58:39 UTC] PHP Warning:  Trying to access array offset on value of type bool in C:\Users\Andranik\Local Sites\planty\app\public\wp-content\plugins\elementor\includes\managers\image.php on line 113
[28-Dec-2023 22:58:39 UTC] PHP Warning:  Trying to access array offset on value of type bool in C:\Users\Andranik\Local Sites\planty\app\public\wp-content\plugins\elementor\includes\managers\image.php on line 113
[28-Dec-2023 22:58:39 UTC] PHP Warning:  Trying to access array offset on value of type bool in C:\Users\Andranik\Local Sites\planty\app\public\wp-content\plugins\elementor\includes\managers\image.php on line 113
[28-Dec-2023 22:58:39 UTC] PHP Warning:  Trying to access array offset on value of type bool in C:\Users\Andranik\Local Sites\planty\app\public\wp-content\plugins\elementor\includes\managers\image.php on line 113
[28-Dec-2023 22:58:39 UTC] PHP Warning:  Trying to access array offset on value of type bool in C:\Users\Andranik\Local Sites\planty\app\public\wp-content\plugins\elementor\includes\managers\image.php on line 113
[28-Dec-2023 22:58:39 UTC] PHP Warning:  Trying to access array offset on value of type bool in C:\Users\Andranik\Local Sites\planty\app\public\wp-content\plugins\elementor\includes\managers\image.php on line 113
[28-Dec-2023 23:04:27 UTC] PHP Warning:  Trying to access array offset on value of type bool in C:\Users\Andranik\Local Sites\planty\app\public\wp-content\plugins\elementor\includes\managers\image.php on line 113
[28-Dec-2023 23:04:27 UTC] PHP Warning:  Trying to access array offset on value of type bool in C:\Users\Andranik\Local Sites\planty\app\public\wp-content\plugins\elementor\includes\managers\image.php on line 113
[28-Dec-2023 23:04:27 UTC] PHP Warning:  Trying to access array offset on value of type bool in C:\Users\Andranik\Local Sites\planty\app\public\wp-content\plugins\elementor\includes\managers\image.php on line 113
[28-Dec-2023 23:04:27 UTC] PHP Warning:  Trying to access array offset on value of type bool in C:\Users\Andranik\Local Sites\planty\app\public\wp-content\plugins\elementor\includes\managers\image.php on line 113
[28-Dec-2023 23:04:27 UTC] PHP Warning:  Trying to access array offset on value of type bool in C:\Users\Andranik\Local Sites\planty\app\public\wp-content\plugins\elementor\includes\managers\image.php on line 113
[28-Dec-2023 23:04:27 UTC] PHP Warning:  Trying to access array offset on value of type bool in C:\Users\Andranik\Local Sites\planty\app\public\wp-content\plugins\elementor\includes\managers\image.php on line 113
[28-Dec-2023 23:04:27 UTC] PHP Warning:  Trying to access array offset on value of type bool in C:\Users\Andranik\Local Sites\planty\app\public\wp-content\plugins\elementor\includes\managers\image.php on line 113
[28-Dec-2023 23:06:02 UTC] PHP Warning:  Trying to access array offset on value of type bool in C:\Users\Andranik\Local Sites\planty\app\public\wp-content\plugins\elementor\includes\managers\image.php on line 113
[28-Dec-2023 23:06:02 UTC] PHP Warning:  Trying to access array offset on value of type bool in C:\Users\Andranik\Local Sites\planty\app\public\wp-content\plugins\elementor\includes\managers\image.php on line 113
[28-Dec-2023 23:06:02 UTC] PHP Warning:  Trying to access array offset on value of type bool in C:\Users\Andranik\Local Sites\planty\app\public\wp-content\plugins\elementor\includes\managers\image.php on line 113
[28-Dec-2023 23:06:02 UTC] PHP Warning:  Trying to access array offset on value of type bool in C:\Users\Andranik\Local Sites\planty\app\public\wp-content\plugins\elementor\includes\managers\image.php on line 113
[28-Dec-2023 23:06:02 UTC] PHP Warning:  Trying to access array offset on value of type bool in C:\Users\Andranik\Local Sites\planty\app\public\wp-content\plugins\elementor\includes\managers\image.php on line 113
[28-Dec-2023 23:06:02 UTC] PHP Warning:  Trying to access array offset on value of type bool in C:\Users\Andranik\Local Sites\planty\app\public\wp-content\plugins\elementor\includes\managers\image.php on line 113
[28-Dec-2023 23:06:02 UTC] PHP Warning:  Trying to access array offset on value of type bool in C:\Users\Andranik\Local Sites\planty\app\public\wp-content\plugins\elementor\includes\managers\image.php on line 113
[28-Dec-2023 23:07:39 UTC] PHP Warning:  Trying to access array offset on value of type bool in C:\Users\Andranik\Local Sites\planty\app\public\wp-content\plugins\elementor\includes\managers\image.php on line 113
[28-Dec-2023 23:07:39 UTC] PHP Warning:  Trying to access array offset on value of type bool in C:\Users\Andranik\Local Sites\planty\app\public\wp-content\plugins\elementor\includes\managers\image.php on line 113
[28-Dec-2023 23:07:39 UTC] PHP Warning:  Trying to access array offset on value of type bool in C:\Users\Andranik\Local Sites\planty\app\public\wp-content\plugins\elementor\includes\managers\image.php on line 113
[28-Dec-2023 23:07:39 UTC] PHP Warning:  Trying to access array offset on value of type bool in C:\Users\Andranik\Local Sites\planty\app\public\wp-content\plugins\elementor\includes\managers\image.php on line 113
[28-Dec-2023 23:07:39 UTC] PHP Warning:  Trying to access array offset on value of type bool in C:\Users\Andranik\Local Sites\planty\app\public\wp-content\plugins\elementor\includes\managers\image.php on line 113
[28-Dec-2023 23:07:39 UTC] PHP Warning:  Trying to access array offset on value of type bool in C:\Users\Andranik\Local Sites\planty\app\public\wp-content\plugins\elementor\includes\managers\image.php on line 113
[28-Dec-2023 23:07:39 UTC] PHP Warning:  Trying to access array offset on value of type bool in C:\Users\Andranik\Local Sites\planty\app\public\wp-content\plugins\elementor\includes\managers\image.php on line 113
[28-Dec-2023 23:19:22 UTC] PHP Warning:  Trying to access array offset on value of type bool in C:\Users\Andranik\Local Sites\planty\app\public\wp-content\plugins\elementor\includes\managers\image.php on line 113
[28-Dec-2023 23:19:22 UTC] PHP Warning:  Trying to access array offset on value of type bool in C:\Users\Andranik\Local Sites\planty\app\public\wp-content\plugins\elementor\includes\managers\image.php on line 113
[28-Dec-2023 23:19:22 UTC] PHP Warning:  Trying to access array offset on value of type bool in C:\Users\Andranik\Local Sites\planty\app\public\wp-content\plugins\elementor\includes\managers\image.php on line 113
[28-Dec-2023 23:19:22 UTC] PHP Warning:  Trying to access array offset on value of type bool in C:\Users\Andranik\Local Sites\planty\app\public\wp-content\plugins\elementor\includes\managers\image.php on line 113
[28-Dec-2023 23:19:22 UTC] PHP Warning:  Trying to access array offset on value of type bool in C:\Users\Andranik\Local Sites\planty\app\public\wp-content\plugins\elementor\includes\managers\image.php on line 113
[28-Dec-2023 23:19:22 UTC] PHP Warning:  Trying to access array offset on value of type bool in C:\Users\Andranik\Local Sites\planty\app\public\wp-content\plugins\elementor\includes\managers\image.php on line 113
[28-Dec-2023 23:19:22 UTC] PHP Warning:  Trying to access array offset on value of type bool in C:\Users\Andranik\Local Sites\planty\app\public\wp-content\plugins\elementor\includes\managers\image.php on line 113
[28-Dec-2023 23:22:24 UTC] PHP Warning:  Trying to access array offset on value of type bool in C:\Users\Andranik\Local Sites\planty\app\public\wp-content\plugins\elementor\includes\managers\image.php on line 113
[28-Dec-2023 23:22:24 UTC] PHP Warning:  Trying to access array offset on value of type bool in C:\Users\Andranik\Local Sites\planty\app\public\wp-content\plugins\elementor\includes\managers\image.php on line 113
[28-Dec-2023 23:22:24 UTC] PHP Warning:  Trying to access array offset on value of type bool in C:\Users\Andranik\Local Sites\planty\app\public\wp-content\plugins\elementor\includes\managers\image.php on line 113
[28-Dec-2023 23:22:24 UTC] PHP Warning:  Trying to access array offset on value of type bool in C:\Users\Andranik\Local Sites\planty\app\public\wp-content\plugins\elementor\includes\managers\image.php on line 113
[28-Dec-2023 23:22:24 UTC] PHP Warning:  Trying to access array offset on value of type bool in C:\Users\Andranik\Local Sites\planty\app\public\wp-content\plugins\elementor\includes\managers\image.php on line 113
[28-Dec-2023 23:22:24 UTC] PHP Warning:  Trying to access array offset on value of type bool in C:\Users\Andranik\Local Sites\planty\app\public\wp-content\plugins\elementor\includes\managers\image.php on line 113
[28-Dec-2023 23:22:24 UTC] PHP Warning:  Trying to access array offset on value of type bool in C:\Users\Andranik\Local Sites\planty\app\public\wp-content\plugins\elementor\includes\managers\image.php on line 113
[04-Jan-2024 22:15:06 UTC] PHP Warning:  Trying to access array offset on value of type bool in C:\Users\Andranik\Local Sites\planty\app\public\wp-content\plugins\elementor\includes\managers\image.php on line 113
[04-Jan-2024 22:15:06 UTC] PHP Warning:  Trying to access array offset on value of type bool in C:\Users\Andranik\Local Sites\planty\app\public\wp-content\plugins\elementor\includes\managers\image.php on line 113
[04-Jan-2024 22:15:06 UTC] PHP Warning:  Trying to access array offset on value of type bool in C:\Users\Andranik\Local Sites\planty\app\public\wp-content\plugins\elementor\includes\managers\image.php on line 113
[04-Jan-2024 22:15:06 UTC] PHP Warning:  Trying to access array offset on value of type bool in C:\Users\Andranik\Local Sites\planty\app\public\wp-content\plugins\elementor\includes\managers\image.php on line 113
[04-Jan-2024 22:15:06 UTC] PHP Warning:  Trying to access array offset on value of type bool in C:\Users\Andranik\Local Sites\planty\app\public\wp-content\plugins\elementor\includes\managers\image.php on line 113
[04-Jan-2024 22:15:06 UTC] PHP Warning:  Trying to access array offset on value of type bool in C:\Users\Andranik\Local Sites\planty\app\public\wp-content\plugins\elementor\includes\managers\image.php on line 113
[04-Jan-2024 22:15:06 UTC] PHP Warning:  Trying to access array offset on value of type bool in C:\Users\Andranik\Local Sites\planty\app\public\wp-content\plugins\elementor\includes\managers\image.php on line 113
[04-Jan-2024 22:15:38 UTC] PHP Warning:  Trying to access array offset on value of type bool in C:\Users\Andranik\Local Sites\planty\app\public\wp-content\plugins\elementor\includes\managers\image.php on line 113
[04-Jan-2024 22:15:38 UTC] PHP Warning:  Trying to access array offset on value of type bool in C:\Users\Andranik\Local Sites\planty\app\public\wp-content\plugins\elementor\includes\managers\image.php on line 113
[04-Jan-2024 22:15:38 UTC] PHP Warning:  Trying to access array offset on value of type bool in C:\Users\Andranik\Local Sites\planty\app\public\wp-content\plugins\elementor\includes\managers\image.php on line 113
[04-Jan-2024 22:15:38 UTC] PHP Warning:  Trying to access array offset on value of type bool in C:\Users\Andranik\Local Sites\planty\app\public\wp-content\plugins\elementor\includes\managers\image.php on line 113
[04-Jan-2024 22:15:38 UTC] PHP Warning:  Trying to access array offset on value of type bool in C:\Users\Andranik\Local Sites\planty\app\public\wp-content\plugins\elementor\includes\managers\image.php on line 113
[04-Jan-2024 22:15:38 UTC] PHP Warning:  Trying to access array offset on value of type bool in C:\Users\Andranik\Local Sites\planty\app\public\wp-content\plugins\elementor\includes\managers\image.php on line 113
[04-Jan-2024 22:15:38 UTC] PHP Warning:  Trying to access array offset on value of type bool in C:\Users\Andranik\Local Sites\planty\app\public\wp-content\plugins\elementor\includes\managers\image.php on line 113
[11-Jan-2024 01:13:24 UTC] PHP Fatal error:  Uncaught Error: Call to undefined function Elementor\Core\get_plugins() in C:\Users\Andranik\Local Sites\planty\app\public\wp-content\plugins\elementor\core\wp-api.php:26
Stack trace:
#0 C:\Users\Andranik\Local Sites\planty\app\public\wp-content\plugins\elementor\modules\compatibility-tag\base-module.php(96): Elementor\Core\Wp_Api->get_plugins()
#1 C:\Users\Andranik\Local Sites\planty\app\public\wp-content\plugins\elementor\modules\compatibility-tag\base-module.php(58): Elementor\Modules\CompatibilityTag\Base_Module->get_plugins_with_header()
#2 C:\Users\Andranik\Local Sites\planty\app\public\wp-content\plugins\elementor\modules\compatibility-tag\module.php(57): Elementor\Modules\CompatibilityTag\Base_Module->get_plugins_to_check()
#3 C:\Users\Andranik\Local Sites\planty\app\public\wp-content\plugins\elementor\modules\compatibility-tag\base-module.php(148): Elementor\Modules\CompatibilityTag\Module->get_plugins_to_check()
#4 C:\Users\Andranik\Local Sites\planty\app\public\wp-includes\class-wp-hook.php(324): Elementor\Modules\CompatibilityTag\Base_Module->Elementor\Modules\CompatibilityTag\{closure}('')
#5 C:\Users\Andranik\Local Sites\planty\app\public\wp-includes\class-wp-hook.php(348): WP_Hook->apply_filters('', Array)
#6 C:\Users\Andranik\Local Sites\planty\app\public\wp-includes\plugin.php(517): WP_Hook->do_action(Array)
#7 C:\Users\Andranik\Local Sites\planty\app\public\wp-content\plugins\elementor\modules\system-info\module.php(340): do_action('elementor/syste...')
#8 C:\Users\Andranik\Local Sites\planty\app\public\wp-content\plugins\elementor\includes\tracker.php(241): Elementor\Modules\System_Info\Module::get_allowed_reports()
#9 C:\Users\Andranik\Local Sites\planty\app\public\wp-content\plugins\elementor\includes\tracker.php(530): Elementor\Tracker::get_system_reports_data()
#10 C:\Users\Andranik\Local Sites\planty\app\public\wp-content\plugins\elementor\includes\tracker.php(141): Elementor\Tracker::get_tracking_data(false)
#11 C:\Users\Andranik\Local Sites\planty\app\public\wp-includes\class-wp-hook.php(324): Elementor\Tracker::send_tracking_data()
#12 C:\Users\Andranik\Local Sites\planty\app\public\wp-includes\class-wp-hook.php(348): WP_Hook->apply_filters('', Array)
#13 C:\Users\Andranik\Local Sites\planty\app\public\wp-includes\plugin.php(565): WP_Hook->do_action(Array)
#14 C:\Users\Andranik\Local Sites\planty\app\public\wp-cron.php(191): do_action_ref_array('elementor/track...', Array)
#15 {main}
  thrown in C:\Users\Andranik\Local Sites\planty\app\public\wp-content\plugins\elementor\core\wp-api.php on line 26
